/home/jskinner1/SWOT_tools/src/JWS_SWOT_toolbox/import_and_process.py:209: RuntimeWarning: Degrees of freedom <= 0 for slice.
  varts = np.nanvar(ssha_array, axis=(1, 2))
/home/jskinner1/SWOT_tools/Interpolate_the_gap.py:217: RuntimeWarning: All-NaN axis encountered
  lats = np.linspace(np.nanmin(karin.lat[index, :, :]), np.nanmax(karin.lat[index, :, :]), ht_map.shape[0])
joblib.externals.loky.process_executor._RemoteTraceback: 
"""
Traceback (most recent call last):
  File "/home/jskinner1/miniconda3/envs/d3/lib/python3.12/site-packages/joblib/externals/loky/process_executor.py", line 463, in _process_worker
    r = call_item()
        ^^^^^^^^^^^
  File "/home/jskinner1/miniconda3/envs/d3/lib/python3.12/site-packages/joblib/externals/loky/process_executor.py", line 291, in __call__
    return self.fn(*self.args, **self.kwargs)
           ^^^^^^^^^^^^^^^^^^^^^^^^^^^^^^^^^^
  File "/home/jskinner1/miniconda3/envs/d3/lib/python3.12/site-packages/joblib/parallel.py", line 598, in __call__
    return [func(*args, **kwargs)
            ^^^^^^^^^^^^^^^^^^^^^
  File "/home/jskinner1/SWOT_tools/Interpolate_the_gap.py", line 379, in process_frame
    plot_frame(
  File "/home/jskinner1/SWOT_tools/Interpolate_the_gap.py", line 245, in plot_frame
    cf1 = axes[2].contourf(XX, YY, grad_mag, levels=grad_levels, cmap='cmo.deep_r', extend='both')
          ^^^^^^^^^^^^^^^^^^^^^^^^^^^^^^^^^^^^^^^^^^^^^^^^^^^^^^^^^^^^^^^^^^^^^^^^^^^^^^^^^^^^^^^^
  File "/home/jskinner1/miniconda3/envs/d3/lib/python3.12/site-packages/matplotlib/__init__.py", line 1465, in inner
    return func(ax, *map(sanitize_sequence, args), **kwargs)
           ^^^^^^^^^^^^^^^^^^^^^^^^^^^^^^^^^^^^^^^^^^^^^^^^^
  File "/home/jskinner1/miniconda3/envs/d3/lib/python3.12/site-packages/matplotlib/axes/_axes.py", line 6533, in contourf
    contours = mcontour.QuadContourSet(self, *args, **kwargs)
               ^^^^^^^^^^^^^^^^^^^^^^^^^^^^^^^^^^^^^^^^^^^^^^
  File "/home/jskinner1/miniconda3/envs/d3/lib/python3.12/site-packages/matplotlib/contour.py", line 858, in __init__
    kwargs = self._process_args(*args, **kwargs)
             ^^^^^^^^^^^^^^^^^^^^^^^^^^^^^^^^^^^
  File "/home/jskinner1/miniconda3/envs/d3/lib/python3.12/site-packages/matplotlib/contour.py", line 1523, in _process_args
    x, y, z = self._contour_args(args, kwargs)
              ^^^^^^^^^^^^^^^^^^^^^^^^^^^^^^^^
  File "/home/jskinner1/miniconda3/envs/d3/lib/python3.12/site-packages/matplotlib/contour.py", line 1574, in _contour_args
    self._process_contour_level_args(args, z.dtype)
  File "/home/jskinner1/miniconda3/envs/d3/lib/python3.12/site-packages/matplotlib/contour.py", line 1238, in _process_contour_level_args
    raise ValueError("Contour levels must be increasing")
ValueError: Contour levels must be increasing
"""

The above exception was the direct cause of the following exception:

Traceback (most recent call last):
  File "/home/jskinner1/SWOT_tools/Interpolate_the_gap.py", line 408, in <module>
    results = Parallel(n_jobs=N_JOBS, backend=BACKEND)(
              ^^^^^^^^^^^^^^^^^^^^^^^^^^^^^^^^^^^^^^^^^
  File "/home/jskinner1/miniconda3/envs/d3/lib/python3.12/site-packages/joblib/parallel.py", line 2007, in __call__
    return output if self.return_generator else list(output)
                                                ^^^^^^^^^^^^
  File "/home/jskinner1/miniconda3/envs/d3/lib/python3.12/site-packages/joblib/parallel.py", line 1650, in _get_outputs
    yield from self._retrieve()
  File "/home/jskinner1/miniconda3/envs/d3/lib/python3.12/site-packages/joblib/parallel.py", line 1754, in _retrieve
    self._raise_error_fast()
  File "/home/jskinner1/miniconda3/envs/d3/lib/python3.12/site-packages/joblib/parallel.py", line 1789, in _raise_error_fast
    error_job.get_result(self.timeout)
  File "/home/jskinner1/miniconda3/envs/d3/lib/python3.12/site-packages/joblib/parallel.py", line 745, in get_result
    return self._return_or_raise()
           ^^^^^^^^^^^^^^^^^^^^^^^
  File "/home/jskinner1/miniconda3/envs/d3/lib/python3.12/site-packages/joblib/parallel.py", line 763, in _return_or_raise
    raise self._result
ValueError: Contour levels must be increasing
srun: error: exp-8-33: task 0: Exited with exit code 1
